<?xml version="1.0" encoding="UTF-8"?>
<!-- Generated by org.testng.reporters.JUnitXMLReporter -->
<testsuite hostname="LAPTOP-1UNI7991" name="Jira AttachmentAPIs Testcases" tests="3" failures="0" timestamp="14 Apr 2020 18:44:30 GMT" time="0.707" errors="0">
  <testcase name="verifyAddAttachmentTest" time="0.361" classname="com.jira.tests.AttachmentAPIs.AddAttachment"/>
  <testcase name="verifyGetAttachmentDetailsTest" time="0.228" classname="com.jira.tests.AttachmentAPIs.GetAttachmentDetails"/>
  <testcase name="verifyDeleteAttachmentTest" time="0.102" classname="com.jira.tests.AttachmentAPIs.DeleteAttachment"/>
</testsuite> <!-- Jira AttachmentAPIs Testcases -->
