<?xml version="1.0" encoding="UTF-8"?>
<!-- Generated by org.testng.reporters.JUnitXMLReporter -->
<testsuite hostname="LAPTOP-1UNI7991" name="Jira IssueAPIs Testcases" tests="4" failures="1" timestamp="14 Apr 2020 18:44:24 GMT" time="6.554" errors="0">
  <testcase name="verifyCreateIssueTest" time="4.638" classname="com.jira.tests.IssueAPIs.CreateIssue"/>
  <testcase name="verifyGetIssue" time="0.317" classname="com.jira.tests.IssueAPIs.GetIssueDetails">
    <failure type="java.lang.AssertionError" message="expected [10403] but found [10404]">
      <![CDATA[java.lang.AssertionError: expected [10403] but found [10404]
	at com.jira.tests.IssueAPIs.GetIssueDetails.verifyGetIssue(GetIssueDetails.java:50)
... Removed 29 stack frames]]>
    </failure>
  </testcase> <!-- verifyGetIssue -->
  <testcase name="verifyEditIssueTest" time="0.245" classname="com.jira.tests.IssueAPIs.EditIssue"/>
  <testcase name="verifyDeleteIssueTest" time="0.297" classname="com.jira.tests.IssueAPIs.DeleteIssue"/>
</testsuite> <!-- Jira IssueAPIs Testcases -->
