<?xml version="1.0" encoding="UTF-8"?>
<!-- Generated by org.testng.reporters.JUnitXMLReporter -->
<testsuite hostname="LAPTOP-1UNI7991" name="Jira CommentAPIs Testcases" tests="4" failures="0" timestamp="14 Apr 2020 18:44:28 GMT" time="0.869" errors="0">
  <testcase name="verifyAddCommentTest" time="0.259" classname="com.jira.tests.CommentAPIs.AddComment"/>
  <testcase name="verifyGetCommentTest" time="0.177" classname="com.jira.tests.CommentAPIs.GetComment"/>
  <testcase name="verifyUpdateCommentTest" time="0.234" classname="com.jira.tests.CommentAPIs.UpdateComment"/>
  <testcase name="verifyDeleteCommentTest" time="0.142" classname="com.jira.tests.CommentAPIs.DeleteComment"/>
</testsuite> <!-- Jira CommentAPIs Testcases -->
