<?xml version="1.0" encoding="UTF-8"?>
<testng-results skipped="0" failed="0" total="1" passed="1">
  <reporter-output>
  </reporter-output>
  <suite name="Default suite" duration-ms="3486" started-at="2020-04-14T14:06:45Z" finished-at="2020-04-14T14:06:49Z">
    <groups>
    </groups>
    <test name="Default test" duration-ms="3486" started-at="2020-04-14T14:06:45Z" finished-at="2020-04-14T14:06:49Z">
      <class name="com.jira.tests.AttachmentAPIs.DeleteAttachment">
        <test-method status="PASS" signature="setUp()[pri:0, instance:com.jira.tests.AttachmentAPIs.DeleteAttachment@1188e820]" name="setUp" is-config="true" duration-ms="964" started-at="2020-04-14T19:36:45Z" finished-at="2020-04-14T19:36:46Z">
          <reporter-output>
          </reporter-output>
        </test-method> <!-- setUp -->
        <test-method status="PASS" signature="verifyDeleteAttachmentTest()[pri:0, instance:com.jira.tests.AttachmentAPIs.DeleteAttachment@1188e820]" name="verifyDeleteAttachmentTest" duration-ms="2466" started-at="2020-04-14T19:36:46Z" finished-at="2020-04-14T19:36:49Z">
          <reporter-output>
          </reporter-output>
        </test-method> <!-- verifyDeleteAttachmentTest -->
      </class> <!-- com.jira.tests.AttachmentAPIs.DeleteAttachment -->
    </test> <!-- Default test -->
  </suite> <!-- Default suite -->
</testng-results>
